Performing C SOURCE FILE Test CMAKE_HAVE_LIBC_PTHREAD failed with the following output:
Change Dir: /media/alex/AlexPortableSSD/School/4th-year/CS422/Assignment4/ws_moveit/build/moveit_simple_controller_manager/CMakeFiles/CMakeTmp

Run Build Command(s):/usr/bin/make cmTC_cacc4/fast && /usr/bin/make -f CMakeFiles/cmTC_cacc4.dir/build.make CMakeFiles/cmTC_cacc4.dir/build
make[1]: Entering directory '/media/alex/AlexPortableSSD/School/4th-year/CS422/Assignment4/ws_moveit/build/moveit_simple_controller_manager/CMakeFiles/CMakeTmp'
Building C object CMakeFiles/cmTC_cacc4.dir/src.c.o
/usr/bin/cc   -DCMAKE_HAVE_LIBC_PTHREAD   -o CMakeFiles/cmTC_cacc4.dir/src.c.o   -c /media/alex/AlexPortableSSD/School/4th-year/CS422/Assignment4/ws_moveit/build/moveit_simple_controller_manager/CMakeFiles/CMakeTmp/src.c
Linking C executable cmTC_cacc4
/usr/bin/cmake -E cmake_link_script CMakeFiles/cmTC_cacc4.dir/link.txt --verbose=1
/usr/bin/cc  -DCMAKE_HAVE_LIBC_PTHREAD    -rdynamic CMakeFiles/cmTC_cacc4.dir/src.c.o  -o cmTC_cacc4 
/usr/bin/ld: CMakeFiles/cmTC_cacc4.dir/src.c.o: in function `main':
src.c:(.text+0x46): undefined reference to `pthread_create'
/usr/bin/ld: src.c:(.text+0x52): undefined reference to `pthread_detach'
/usr/bin/ld: src.c:(.text+0x63): undefined reference to `pthread_join'
collect2: error: ld returned 1 exit status
make[1]: *** [CMakeFiles/cmTC_cacc4.dir/build.make:87: cmTC_cacc4] Error 1
make[1]: Leaving directory '/media/alex/AlexPortableSSD/School/4th-year/CS422/Assignment4/ws_moveit/build/moveit_simple_controller_manager/CMakeFiles/CMakeTmp'
make: *** [Makefile:121: cmTC_cacc4/fast] Error 2


Source file was:
#include <pthread.h>

void* test_func(void* data)
{
  return data;
}

int main(void)
{
  pthread_t thread;
  pthread_create(&thread, NULL, test_func, NULL);
  pthread_detach(thread);
  pthread_join(thread, NULL);
  pthread_atfork(NULL, NULL, NULL);
  pthread_exit(NULL);

  return 0;
}

Determining if the function pthread_create exists in the pthreads failed with the following output:
Change Dir: /media/alex/AlexPortableSSD/School/4th-year/CS422/Assignment4/ws_moveit/build/moveit_simple_controller_manager/CMakeFiles/CMakeTmp

Run Build Command(s):/usr/bin/make cmTC_7be65/fast && /usr/bin/make -f CMakeFiles/cmTC_7be65.dir/build.make CMakeFiles/cmTC_7be65.dir/build
make[1]: Entering directory '/media/alex/AlexPortableSSD/School/4th-year/CS422/Assignment4/ws_moveit/build/moveit_simple_controller_manager/CMakeFiles/CMakeTmp'
Building C object CMakeFiles/cmTC_7be65.dir/CheckFunctionExists.c.o
/usr/bin/cc   -DCHECK_FUNCTION_EXISTS=pthread_create   -o CMakeFiles/cmTC_7be65.dir/CheckFunctionExists.c.o   -c /usr/share/cmake-3.16/Modules/CheckFunctionExists.c
Linking C executable cmTC_7be65
/usr/bin/cmake -E cmake_link_script CMakeFiles/cmTC_7be65.dir/link.txt --verbose=1
/usr/bin/cc  -DCHECK_FUNCTION_EXISTS=pthread_create    -rdynamic CMakeFiles/cmTC_7be65.dir/CheckFunctionExists.c.o  -o cmTC_7be65  -lpthreads 
/usr/bin/ld: cannot find -lpthreads
collect2: error: ld returned 1 exit status
make[1]: *** [CMakeFiles/cmTC_7be65.dir/build.make:87: cmTC_7be65] Error 1
make[1]: Leaving directory '/media/alex/AlexPortableSSD/School/4th-year/CS422/Assignment4/ws_moveit/build/moveit_simple_controller_manager/CMakeFiles/CMakeTmp'
make: *** [Makefile:121: cmTC_7be65/fast] Error 2



