Performing C SOURCE FILE Test CMAKE_HAVE_LIBC_PTHREAD failed with the following output:
Change Dir: /media/alex/AlexPortableSSD/School/4th-year/CS422/Assignment4/ws_moveit/build/moveit_tutorials/CMakeFiles/CMakeTmp

Run Build Command(s):/usr/bin/make cmTC_c0ace/fast && /usr/bin/make -f CMakeFiles/cmTC_c0ace.dir/build.make CMakeFiles/cmTC_c0ace.dir/build
make[1]: Entering directory '/media/alex/AlexPortableSSD/School/4th-year/CS422/Assignment4/ws_moveit/build/moveit_tutorials/CMakeFiles/CMakeTmp'
Building C object CMakeFiles/cmTC_c0ace.dir/src.c.o
/usr/bin/cc   -DCMAKE_HAVE_LIBC_PTHREAD   -o CMakeFiles/cmTC_c0ace.dir/src.c.o   -c /media/alex/AlexPortableSSD/School/4th-year/CS422/Assignment4/ws_moveit/build/moveit_tutorials/CMakeFiles/CMakeTmp/src.c
Linking C executable cmTC_c0ace
/usr/bin/cmake -E cmake_link_script CMakeFiles/cmTC_c0ace.dir/link.txt --verbose=1
/usr/bin/cc  -DCMAKE_HAVE_LIBC_PTHREAD    -rdynamic CMakeFiles/cmTC_c0ace.dir/src.c.o  -o cmTC_c0ace 
/usr/bin/ld: CMakeFiles/cmTC_c0ace.dir/src.c.o: in function `main':
src.c:(.text+0x46): undefined reference to `pthread_create'
/usr/bin/ld: src.c:(.text+0x52): undefined reference to `pthread_detach'
/usr/bin/ld: src.c:(.text+0x63): undefined reference to `pthread_join'
collect2: error: ld returned 1 exit status
make[1]: *** [CMakeFiles/cmTC_c0ace.dir/build.make:87: cmTC_c0ace] Error 1
make[1]: Leaving directory '/media/alex/AlexPortableSSD/School/4th-year/CS422/Assignment4/ws_moveit/build/moveit_tutorials/CMakeFiles/CMakeTmp'
make: *** [Makefile:121: cmTC_c0ace/fast] Error 2


Source file was:
#include <pthread.h>

void* test_func(void* data)
{
  return data;
}

int main(void)
{
  pthread_t thread;
  pthread_create(&thread, NULL, test_func, NULL);
  pthread_detach(thread);
  pthread_join(thread, NULL);
  pthread_atfork(NULL, NULL, NULL);
  pthread_exit(NULL);

  return 0;
}

Determining if the function pthread_create exists in the pthreads failed with the following output:
Change Dir: /media/alex/AlexPortableSSD/School/4th-year/CS422/Assignment4/ws_moveit/build/moveit_tutorials/CMakeFiles/CMakeTmp

Run Build Command(s):/usr/bin/make cmTC_ae347/fast && /usr/bin/make -f CMakeFiles/cmTC_ae347.dir/build.make CMakeFiles/cmTC_ae347.dir/build
make[1]: Entering directory '/media/alex/AlexPortableSSD/School/4th-year/CS422/Assignment4/ws_moveit/build/moveit_tutorials/CMakeFiles/CMakeTmp'
Building C object CMakeFiles/cmTC_ae347.dir/CheckFunctionExists.c.o
/usr/bin/cc   -DCHECK_FUNCTION_EXISTS=pthread_create   -o CMakeFiles/cmTC_ae347.dir/CheckFunctionExists.c.o   -c /usr/share/cmake-3.16/Modules/CheckFunctionExists.c
Linking C executable cmTC_ae347
/usr/bin/cmake -E cmake_link_script CMakeFiles/cmTC_ae347.dir/link.txt --verbose=1
/usr/bin/cc  -DCHECK_FUNCTION_EXISTS=pthread_create    -rdynamic CMakeFiles/cmTC_ae347.dir/CheckFunctionExists.c.o  -o cmTC_ae347  -lpthreads 
/usr/bin/ld: cannot find -lpthreads
collect2: error: ld returned 1 exit status
make[1]: *** [CMakeFiles/cmTC_ae347.dir/build.make:87: cmTC_ae347] Error 1
make[1]: Leaving directory '/media/alex/AlexPortableSSD/School/4th-year/CS422/Assignment4/ws_moveit/build/moveit_tutorials/CMakeFiles/CMakeTmp'
make: *** [Makefile:121: cmTC_ae347/fast] Error 2



